<?xml version="1.0" encoding="UTF-8"?>
<testsuite name="com.wobbz.module.uienhancer.UIEnhancerTest" tests="5" skipped="0" failures="0" errors="0" timestamp="2025-05-23T19:58:03" hostname="mac-{{serial-number}}" time="0.046">
  <properties/>
  <testcase name="testSettingsConfiguration" classname="com.wobbz.module.uienhancer.UIEnhancerTest" time="0.04"/>
  <testcase name="testModuleImplementsInterfaces" classname="com.wobbz.module.uienhancer.UIEnhancerTest" time="0.0"/>
  <testcase name="testLifecycleMethods" classname="com.wobbz.module.uienhancer.UIEnhancerTest" time="0.004"/>
  <testcase name="testHotReload" classname="com.wobbz.module.uienhancer.UIEnhancerTest" time="0.0"/>
  <testcase name="testModuleCreation" classname="com.wobbz.module.uienhancer.UIEnhancerTest" time="0.0"/>
  <system-out><![CDATA[]]></system-out>
  <system-err><![CDATA[]]></system-err>
</testsuite>
