<?xml version="1.0" encoding="UTF-8"?>
<testsuite name="com.wobbz.module.testmodule.TestModuleTest" tests="4" skipped="0" failures="0" errors="0" timestamp="2025-05-23T19:35:30" hostname="mac-{{serial-number}}" time="0.006">
  <properties/>
  <testcase name="testModuleImplementsInterfaces" classname="com.wobbz.module.testmodule.TestModuleTest" time="0.003"/>
  <testcase name="testLifecycleMethods" classname="com.wobbz.module.testmodule.TestModuleTest" time="0.001"/>
  <testcase name="testHotReload" classname="com.wobbz.module.testmodule.TestModuleTest" time="0.0"/>
  <testcase name="testModuleCreation" classname="com.wobbz.module.testmodule.TestModuleTest" time="0.0"/>
  <system-out><![CDATA[]]></system-out>
  <system-err><![CDATA[]]></system-err>
</testsuite>
