<?xml version="1.0" encoding="UTF-8"?>
<testsuite name="com.wobbz.framework.settings.TestSettingsProviderTest" tests="8" skipped="0" failures="0" errors="0" timestamp="2025-05-23T19:35:22" hostname="mac-{{serial-number}}" time="0.205">
  <properties/>
  <testcase name="testSimulateSettingsChange" classname="com.wobbz.framework.settings.TestSettingsProviderTest" time="0.008"/>
  <testcase name="testChangeListeners" classname="com.wobbz.framework.settings.TestSettingsProviderTest" time="0.003"/>
  <testcase name="testSchemaDefaults" classname="com.wobbz.framework.settings.TestSettingsProviderTest" time="0.01"/>
  <testcase name="testSettingsBinding" classname="com.wobbz.framework.settings.TestSettingsProviderTest" time="0.001"/>
  <testcase name="testTestingUtilities" classname="com.wobbz.framework.settings.TestSettingsProviderTest" time="0.018"/>
  <testcase name="testFactoryMethods" classname="com.wobbz.framework.settings.TestSettingsProviderTest" time="0.002"/>
  <testcase name="testBasicOperations" classname="com.wobbz.framework.settings.TestSettingsProviderTest" time="0.0"/>
  <testcase name="testComplexDataTypes" classname="com.wobbz.framework.settings.TestSettingsProviderTest" time="0.163"/>
  <system-out><![CDATA[]]></system-out>
  <system-err><![CDATA[]]></system-err>
</testsuite>
